<?xml version="1.0" encoding="UTF-8"?>
<testsuites name="Mocha Tests" time="5.339" tests="1" failures="0">
  <testsuite name="Root Suite" timestamp="2025-03-21T04:07:37" tests="0" time="0.000" failures="0">
  </testsuite>
  <testsuite name="navigation" timestamp="2025-03-21T04:07:37" tests="1" file="C:\Users\prudhvi.mukiri\Desktop\codeceptjs-demo\src\navigation_test.ts" time="5.335" failures="0">
    <testcase name="navigation: google search test" time="0.465" classname="google search test">
    </testcase>
  </testsuite>
</testsuites>